<?xml version="1.0" encoding="UTF-8"?>
<!-- Generated by org.testng.reporters.JUnitReportReporter -->
<testsuite hostname="LAPTOP-LL86PBHU" failures="0" tests="2" name="com.runner.TestRunner" time="7.273" errors="0" timestamp="2022-04-14T16:47:54 IST" skipped="0">
  <testcase classname="com.runner.TestRunner" name="IfLinksAvail" time="0.075"/>
  <system-out/>
  <testcase classname="com.runner.TestRunner" name="verify4o4Link" time="7.198"/>
  <system-out/>
</testsuite> <!-- com.runner.TestRunner -->
